<?xml version="1.0" encoding="UTF-8" ?>
<testsuites name="vitest tests" tests="5" failures="0" errors="0" time="0.020539252">
    <testsuite name="src/__tests__/simple.test.ts" timestamp="2025-06-18T17:58:30.293Z" hostname="MacBookPro.attlocal.net" tests="5" failures="0" errors="0" skipped="0" time="0.020539252">
        <testcase classname="src/__tests__/simple.test.ts" name="Simple Test &gt; should pass basic assertion" time="0.002105166">
        </testcase>
        <testcase classname="src/__tests__/simple.test.ts" name="Simple Test &gt; should handle string operations" time="0.000491323">
        </testcase>
        <testcase classname="src/__tests__/simple.test.ts" name="Simple Test &gt; should work with arrays" time="0.00183298">
        </testcase>
        <testcase classname="src/__tests__/simple.test.ts" name="Simple Test &gt; should work with objects" time="0.000696056">
        </testcase>
        <testcase classname="src/__tests__/simple.test.ts" name="Simple Test &gt; should handle async operations" time="0.01012357">
        </testcase>
    </testsuite>
</testsuites>
